
Sun Apr  1 12:12:03 EDT 2018
Doing...
Updating 99e74ae..d47ab69
Fast-forward
 main.py                           |   4 +-
 minibook/amazon.2/_01_train.ipynb | 265 +++++++++++---------------------------
 2 files changed, 76 insertions(+), 193 deletions(-)
sending incremental file list
deleting output.ipynb
deleting job.log
deleting Amazon.csv
./
_01_train.ipynb

sent 47,858 bytes  received 79 bytes  95,874.00 bytes/sec
total size is 105,015  speedup is 2.19
Amazon.csv

bzip2: (stdin): trailing garbage after EOF ignored
cat: write error: Broken pipe
  0%|          | 0/34 [00:00<?, ?it/s]  6%|▌         | 2/34 [00:00<00:04,  6.81it/s]wolfm2     804  0.0  0.0   4504     0 ?        Ss   Mar19   0:00 /bin/sh -c /home/wolfm2/job.sh
wolfm2     806  0.0  0.0  12544     8 ?        S    Mar19   0:00 /bin/bash /home/wolfm2/job.sh
wolfm2     848  0.0  0.0 715336   948 ?        Sl   Mar19   7:18 /home/wolfm2/anaconda3/bin/python /home/wolfm2/jobin/main.py
wolfm2     874  0.1  0.0 9553324 1768 ?        Ssl  Mar19  31:52 /home/wolfm2/anaconda3/bin/python -m ipykernel_launcher -f /tmp/tmp3r5sq0q0.json
wolfm2    1460 23.3  0.0 9472448   72 ?        Sl   Mar19 4223:40 /home/wolfm2/anaconda3/bin/python -m ipykernel_launcher -f /tmp/tmp3r5sq0q0.json
wolfm2    5947  0.0  0.0 9553324 1856 ?        S    Mar22   0:00 /home/wolfm2/anaconda3/bin/python -m ipykernel_launcher -f /tmp/tmp3r5sq0q0.json
wolfm2   24410  0.0  0.0   4504   708 ?        Ss   12:12   0:00 /bin/sh -c /home/wolfm2/job.sh
wolfm2   24412  0.0  0.0  12544  2916 ?        S    12:12   0:00 /bin/bash /home/wolfm2/job.sh
wolfm2   24453  8.6  0.3 715080 107436 ?       Sl   12:12   0:00 /home/wolfm2/anaconda3/bin/python /home/wolfm2/jobin/main.py
wolfm2   24479 74.0  0.3 980968 116608 ?       Ssl  12:12   0:00 /home/wolfm2/anaconda3/bin/python -m ipykernel_launcher -f /tmp/tmpjdhn_fgo.json
wolfm2   24506  0.0  0.0   4504   780 ?        S    12:12   0:00 sh -c ps aux | grep wolfm2
wolfm2   24507  0.0  0.0  37364  3352 ?        R    12:12   0:00 ps aux
wolfm2   24508  0.0  0.0  14224   980 ?        S    12:12   0:00 grep wolfm2
 15%|█▍        | 5/34 [00:01<00:09,  2.91it/s] 26%|██▋       | 9/34 [00:01<00:05,  4.59it/s]Input Notebook:  _01_train.ipynb
Output Notebook: output.ipynb
Traceback (most recent call last):
  File "/home/wolfm2/jobin/main.py", line 81, in <module>
    main()
  File "/home/wolfm2/jobin/main.py", line 21, in main
    'output.ipynb',
  File "/home/wolfm2/anaconda3/lib/python3.6/site-packages/papermill/execute.py", line 197, in execute_notebook
    raise_for_execution_errors(nb, output)
  File "/home/wolfm2/anaconda3/lib/python3.6/site-packages/papermill/execute.py", line 394, in raise_for_execution_errors
    raise error
papermill.exceptions.PapermillExecutionError: 
---------------------------------------------------------------------------
Exception encountered at "In [7]":
---------------------------------------------------------------------------
TypeError                                 Traceback (most recent call last)
~/anaconda3/lib/python3.6/site-packages/pandas/core/ops.py in na_op(x, y)
    657             result = expressions.evaluate(op, str_rep, x, y,
--> 658                                           raise_on_error=True, **eval_kwargs)
    659         except TypeError:

~/anaconda3/lib/python3.6/site-packages/pandas/core/computation/expressions.py in evaluate(op, op_str, a, b, raise_on_error, use_numexpr, **eval_kwargs)
    210         return _evaluate(op, op_str, a, b, raise_on_error=raise_on_error,
--> 211                          **eval_kwargs)
    212     return _evaluate_standard(op, op_str, a, b, raise_on_error=raise_on_error)

~/anaconda3/lib/python3.6/site-packages/pandas/core/computation/expressions.py in _evaluate_numexpr(op, op_str, a, b, raise_on_error, truediv, reversed, **eval_kwargs)
    121     if result is None:
--> 122         result = _evaluate_standard(op, op_str, a, b, raise_on_error)
    123 

~/anaconda3/lib/python3.6/site-packages/pandas/core/computation/expressions.py in _evaluate_standard(op, op_str, a, b, raise_on_error, **eval_kwargs)
     63     with np.errstate(all='ignore'):
---> 64         return op(a, b)
     65 

TypeError: must be str, not float

During handling of the above exception, another exception occurred:

TypeError                                 Traceback (most recent call last)
~/anaconda3/lib/python3.6/site-packages/pandas/core/ops.py in safe_na_op(lvalues, rvalues)
    681             with np.errstate(all='ignore'):
--> 682                 return na_op(lvalues, rvalues)
    683         except Exception:

~/anaconda3/lib/python3.6/site-packages/pandas/core/ops.py in na_op(x, y)
    663                 mask = notnull(x) & notnull(y)
--> 664                 result[mask] = op(x[mask], _values_from_object(y[mask]))
    665             elif isinstance(x, np.ndarray):

TypeError: must be str, not float

During handling of the above exception, another exception occurred:

TypeError                                 Traceback (most recent call last)
<ipython-input-7-7d84c117845e> in <module>()
     25 amazon['ScoreX'] = amazon['Score'].apply(lambda x: str(x)) # make score acceptable
     26 hv2 = HashingVectorizer(n_features=2 ** 17, non_negative=True, ngram_range=(1,1))
---> 27 X_hv2 = hv2.fit_transform(amazon.ScoreX + " " + amazon.UserId + " " + amazon.logReviewLen) # mw adds uid as token
     28 
     29 import scipy.sparse as sp

~/anaconda3/lib/python3.6/site-packages/pandas/core/ops.py in wrapper(left, right, name, na_op)
    719                 lvalues = lvalues.values
    720 
--> 721         result = wrap_results(safe_na_op(lvalues, rvalues))
    722         return construct_result(
    723             left,

~/anaconda3/lib/python3.6/site-packages/pandas/core/ops.py in safe_na_op(lvalues, rvalues)
    690                 if is_object_dtype(lvalues):
    691                     return libalgos.arrmap_object(lvalues,
--> 692                                                   lambda x: op(x, rvalues))
    693             raise
    694 

pandas/_libs/algos_common_helper.pxi in pandas._libs.algos.arrmap_object()

~/anaconda3/lib/python3.6/site-packages/pandas/core/ops.py in <lambda>(x)
    690                 if is_object_dtype(lvalues):
    691                     return libalgos.arrmap_object(lvalues,
--> 692                                                   lambda x: op(x, rvalues))
    693             raise
    694 

TypeError: ufunc 'add' did not contain a loop with signature matching types dtype('<U32') dtype('<U32') dtype('<U32')

.:
total 4
drwxrwxr-x 9 wolfm2 wolfm2 4096 Apr  1 12:12 minibook

./minibook:
total 28
drwxrwxr-x 3 wolfm2 wolfm2 4096 Mar 19 22:07 amazon
drwxrwxr-x 3 wolfm2 wolfm2 4096 Apr  1 03:18 amazon.0
drwxrwxr-x 3 wolfm2 wolfm2 4096 Mar 31 08:39 amazon.1
drwxrwxr-x 2 wolfm2 wolfm2 4096 Apr  1 12:12 amazon.2
drwxrwxr-x 2 wolfm2 wolfm2 4096 Mar  7 11:47 amazonFirstIter
drwxrwxr-x 3 wolfm2 wolfm2 4096 Mar 14 22:15 amazonIter
drwxrwxr-x 2 wolfm2 wolfm2 4096 Mar 30 22:07 system

./minibook/amazon:
total 273496
-rw-rw-r-- 1 wolfm2 wolfm2      2978 Mar  9 13:31 _00_split.ipynb
-rw-rw-r-- 1 wolfm2 wolfm2     31638 Mar  9 16:12 _01_train.0.ipynb
-rw-rw-r-- 1 wolfm2 wolfm2     61559 Mar 19 22:01 _01_train.ipynb
-rw-rw-r-- 1 wolfm2 wolfm2     26250 Mar  7 11:47 _02_test.ipynb
-rw-rw-r-- 1 wolfm2 wolfm2     20981 Mar  7 11:47 _03_submission.ipynb
-rw-rw-r-- 1 wolfm2 wolfm2 248373493 Mar  6 20:06 Amazon.csv
-rw-rw-r-- 1 wolfm2 wolfm2         0 Mar 19 22:07 GridSearch.txt
-rw-rw-r-- 1 wolfm2 wolfm2       642 Mar 19 22:06 hv0.pkl
-rw-rw-r-- 1 wolfm2 wolfm2       648 Mar 19 22:06 hv1.pkl
-rw-rw-r-- 1 wolfm2 wolfm2      1956 Mar 19 22:07 job.log
-rw-rw-r-- 1 wolfm2 wolfm2      2632 Mar  7 11:47 my_measures.py
-rw-rw-r-- 1 wolfm2 wolfm2     29218 Mar 19 22:07 output.ipynb
drwxrwxr-x 2 wolfm2 wolfm2      4096 Mar 19 22:07 __pycache__
-rw-rw-r-- 1 wolfm2 wolfm2      3534 Mar  7 11:47 README.md
-rw-rw-r-- 1 wolfm2 wolfm2  18874951 Mar 19 22:07 sc.pkl
-rw-rw-r-- 1 wolfm2 wolfm2  12583580 Mar 19 22:07 transformer.pkl

./minibook/amazon/__pycache__:
total 4
-rw-rw-r-- 1 wolfm2 wolfm2 2043 Mar 19 22:07 my_measures.cpython-36.pyc

./minibook/amazon.0:
total 334024
-rw-rw-r-- 1 wolfm2 wolfm2      2978 Mar 24 17:50 _00_split.ipynb
-rw-rw-r-- 1 wolfm2 wolfm2     31638 Mar 24 17:50 _01_train.0.ipynb
-rw-rw-r-- 1 wolfm2 wolfm2     48504 Mar 31 20:44 _01_train.ipynb
-rw-rw-r-- 1 wolfm2 wolfm2     26250 Mar 24 17:50 _02_test.ipynb
-rw-rw-r-- 1 wolfm2 wolfm2     20981 Mar 24 17:50 _03_submission.ipynb
-rw-rw-r-- 1 wolfm2 wolfm2 248373493 Mar  6 20:06 Amazon.csv
-rw-rw-r-- 1 wolfm2 wolfm2   7341220 Mar 31 22:41 best.lgs.pkl
-rw-rw-r-- 1 wolfm2 wolfm2  29361037 Mar 31 23:30 best.nbs.pkl
-rw-rw-r-- 1 wolfm2 wolfm2   7341240 Mar 31 23:29 best.prc.pkl
-rw-rw-r-- 1 wolfm2 wolfm2   7341076 Apr  1 03:18 best.rdg.pkl
-rw-rw-r-- 1 wolfm2 wolfm2   7341235 Mar 31 21:37 best.svm.pkl
-rw-rw-r-- 1 wolfm2 wolfm2     11756 Apr  1 02:56 GridSearch.txt
-rw-rw-r-- 1 wolfm2 wolfm2       642 Mar 31 20:49 hv0.pkl
-rw-rw-r-- 1 wolfm2 wolfm2       648 Mar 31 20:49 hv1.pkl
-rw-rw-r-- 1 wolfm2 wolfm2       515 Mar 31 20:49 hv2.pkl
-rw-rw-r-- 1 wolfm2 wolfm2     29562 Apr  1 03:18 job.log
-rw-rw-r-- 1 wolfm2 wolfm2      2632 Mar 24 17:50 my_measures.py
-rw-rw-r-- 1 wolfm2 wolfm2     70994 Apr  1 03:18 output.ipynb
drwxrwxr-x 2 wolfm2 wolfm2      4096 Mar 31 20:50 __pycache__
-rw-rw-r-- 1 wolfm2 wolfm2      3534 Mar 24 17:50 README.md
-rw-rw-r-- 1 wolfm2 wolfm2  22020727 Mar 31 20:50 sc.pkl
-rw-rw-r-- 1 wolfm2 wolfm2  12583580 Mar 31 20:49 transformer.pkl
-rw-rw-r-- 1 wolfm2 wolfm2     21412 Mar 24 17:50 x_review_week05.ipynb

./minibook/amazon.0/__pycache__:
total 4
-rw-rw-r-- 1 wolfm2 wolfm2 2045 Mar 31 20:50 my_measures.cpython-36.pyc

./minibook/amazon.1:
total 164
-rw-rw-r-- 1 wolfm2 wolfm2  2978 Mar 30 20:08 _00_split.ipynb
-rw-rw-r-- 1 wolfm2 wolfm2 48793 Mar 31 08:22 _01_train.ipynb
-rw-rw-r-- 1 wolfm2 wolfm2 26965 Mar 31 08:39 _02_test.ipynb
-rw-rw-r-- 1 wolfm2 wolfm2 20981 Mar 30 20:08 _03_submission.ipynb
-rw-rw-r-- 1 wolfm2 wolfm2 28420 Mar 31 08:39 job.log
-rw-rw-r-- 1 wolfm2 wolfm2  2632 Mar 30 20:08 my_measures.py
-rw-rw-r-- 1 wolfm2 wolfm2 20142 Mar 31 08:39 output.ipynb
drwxrwxr-x 2 wolfm2 wolfm2  4096 Mar 31 08:39 __pycache__
-rw-rw-r-- 1 wolfm2 wolfm2  3534 Mar 30 20:08 README.md

./minibook/amazon.1/__pycache__:
total 4
-rw-rw-r-- 1 wolfm2 wolfm2 2045 Mar 31 08:39 my_measures.cpython-36.pyc

./minibook/amazon.2:
total 242724
-rw-rw-r-- 1 wolfm2 wolfm2      2988 Apr  1 10:41 _00_split.ipynb
-rw-rw-r-- 1 wolfm2 wolfm2     47581 Apr  1 12:12 _01_train.ipynb
-rw-rw-r-- 1 wolfm2 wolfm2     27299 Apr  1 10:41 _02_test.ipynb
-rw-rw-r-- 1 wolfm2 wolfm2     20981 Apr  1 10:41 _03_submission.ipynb
-rw-rw-r-- 1 wolfm2 wolfm2 248373493 Mar  6 20:06 Amazon.csv
-rw-rw-r-- 1 wolfm2 wolfm2      6586 Apr  1 12:16 job.log
-rw-rw-r-- 1 wolfm2 wolfm2      2632 Apr  1 10:41 my_measures.py
-rw-rw-r-- 1 wolfm2 wolfm2     48676 Apr  1 12:16 output.ipynb
-rw-rw-r-- 1 wolfm2 wolfm2      3534 Apr  1 10:41 README.md

./minibook/amazonFirstIter:
total 61448
-rw-rw-r-- 1 wolfm2 wolfm2    20808 Mar  7 11:47 _03_submission.ipynb
-rw-rw-r-- 1 wolfm2 wolfm2      557 Mar  7 11:47 hv.pkl
-rw-rw-r-- 1 wolfm2 wolfm2  2098273 Mar  7 11:47 lgs.pkl
-rw-rw-r-- 1 wolfm2 wolfm2     2632 Mar  7 11:47 my_measures.py
-rw-rw-r-- 1 wolfm2 wolfm2 50282018 Mar  7 11:47 raw_data_test.csv
-rw-rw-r-- 1 wolfm2 wolfm2  6292015 Mar  7 11:47 sc.pkl
-rw-rw-r-- 1 wolfm2 wolfm2  4194972 Mar  7 11:47 transformer.pkl
-rw-rw-r-- 1 wolfm2 wolfm2     8988 Mar  7 11:47 ver.py

./minibook/amazonIter:
total 49204
-rw-rw-r-- 1 wolfm2 wolfm2    22513 Mar 12 08:18 _03_submission.ipynb
-rw-rw-r-- 1 wolfm2 wolfm2    24197 Mar 14 22:16 job.log
-rw-rw-r-- 1 wolfm2 wolfm2     2632 Mar 10 19:49 my_measures.py
-rw-rw-r-- 1 wolfm2 wolfm2    28710 Mar 14 22:16 output.ipynb
drwxrwxr-x 2 wolfm2 wolfm2     4096 Mar 14 22:15 __pycache__
-rw-rw-r-- 1 wolfm2 wolfm2 50282018 Mar 10 19:49 raw_data_test.csv
-rw-rw-r-- 1 wolfm2 wolfm2     8988 Mar 10 19:49 ver.py

./minibook/amazonIter/__pycache__:
total 4
-rw-rw-r-- 1 wolfm2 wolfm2 2047 Mar 14 22:15 my_measures.cpython-36.pyc

./minibook/system:
total 64
-rw-rw-r-- 1 wolfm2 wolfm2 29184 Mar 30 22:07 job.log
-rw-rw-r-- 1 wolfm2 wolfm2  1532 Mar 30 22:07 output.ipynb
-rw-rw-r-- 1 wolfm2 wolfm2  1040 Mar 30 22:07 runner.ipynb
-rw-rw-r-- 1 wolfm2 wolfm2 21536 Mar 30 22:07 tst.txt
USER       PID %CPU %MEM    VSZ   RSS TTY      STAT START   TIME COMMAND
root         1  0.0  0.0 185268  4356 ?        Ss   Mar18   0:07 /sbin/init splash
root         2  0.0  0.0      0     0 ?        S    Mar18   0:00 [kthreadd]
root         4  0.0  0.0      0     0 ?        S<   Mar18   0:00 [kworker/0:0H]
root         6  0.0  0.0      0     0 ?        S<   Mar18   0:00 [mm_percpu_wq]
root         7  0.0  0.0      0     0 ?        S    Mar18   0:03 [ksoftirqd/0]
root         8  0.0  0.0      0     0 ?        S    Mar18   4:26 [rcu_sched]
root         9  0.0  0.0      0     0 ?        S    Mar18   0:00 [rcu_bh]
root        10  0.0  0.0      0     0 ?        S    Mar18   0:11 [migration/0]
root        11  0.0  0.0      0     0 ?        S    Mar18   0:03 [watchdog/0]
root        12  0.0  0.0      0     0 ?        S    Mar18   0:00 [cpuhp/0]
root        13  0.0  0.0      0     0 ?        S    Mar18   0:00 [cpuhp/1]
root        14  0.0  0.0      0     0 ?        S    Mar18   0:02 [watchdog/1]
root        15  0.0  0.0      0     0 ?        S    Mar18   0:09 [migration/1]
root        16  0.0  0.0      0     0 ?        S    Mar18   0:01 [ksoftirqd/1]
root        18  0.0  0.0      0     0 ?        S<   Mar18   0:00 [kworker/1:0H]
root        19  0.0  0.0      0     0 ?        S    Mar18   0:00 [cpuhp/2]
root        20  0.0  0.0      0     0 ?        S    Mar18   0:02 [watchdog/2]
root        21  0.0  0.0      0     0 ?        S    Mar18   0:10 [migration/2]
root        22  0.0  0.0      0     0 ?        S    Mar18   0:01 [ksoftirqd/2]
root        24  0.0  0.0      0     0 ?        S<   Mar18   0:00 [kworker/2:0H]
root        25  0.0  0.0      0     0 ?        S    Mar18   0:00 [cpuhp/3]
root        26  0.0  0.0      0     0 ?        S    Mar18   0:02 [watchdog/3]
root        27  0.0  0.0      0     0 ?        S    Mar18   0:11 [migration/3]
root        28  0.0  0.0      0     0 ?        S    Mar18   0:01 [ksoftirqd/3]
root        30  0.0  0.0      0     0 ?        S<   Mar18   0:00 [kworker/3:0H]
root        31  0.0  0.0      0     0 ?        S    Mar18   0:00 [cpuhp/4]
root        32  0.0  0.0      0     0 ?        S    Mar18   0:02 [watchdog/4]
root        33  0.0  0.0      0     0 ?        S    Mar18   0:10 [migration/4]
root        34  0.0  0.0      0     0 ?        S    Mar18   0:01 [ksoftirqd/4]
root        36  0.0  0.0      0     0 ?        S<   Mar18   0:00 [kworker/4:0H]
root        37  0.0  0.0      0     0 ?        S    Mar18   0:00 [cpuhp/5]
root        38  0.0  0.0      0     0 ?        S    Mar18   0:02 [watchdog/5]
root        39  0.0  0.0      0     0 ?        S    Mar18   0:10 [migration/5]
root        40  0.0  0.0      0     0 ?        S    Mar18   0:01 [ksoftirqd/5]
root        42  0.0  0.0      0     0 ?        S<   Mar18   0:00 [kworker/5:0H]
root        43  0.0  0.0      0     0 ?        S    Mar18   0:00 [cpuhp/6]
root        44  0.0  0.0      0     0 ?        S    Mar18   0:03 [watchdog/6]
root        45  0.0  0.0      0     0 ?        S    Mar18   0:10 [migration/6]
root        46  0.0  0.0      0     0 ?        S    Mar18   0:01 [ksoftirqd/6]
root        48  0.0  0.0      0     0 ?        S<   Mar18   0:00 [kworker/6:0H]
root        49  0.0  0.0      0     0 ?        S    Mar18   0:00 [cpuhp/7]
root        50  0.0  0.0      0     0 ?        S    Mar18   0:02 [watchdog/7]
root        51  0.0  0.0      0     0 ?        S    Mar18   0:09 [migration/7]
root        52  0.0  0.0      0     0 ?        S    Mar18   0:03 [ksoftirqd/7]
root        54  0.0  0.0      0     0 ?        S<   Mar18   0:00 [kworker/7:0H]
root        55  0.0  0.0      0     0 ?        S    Mar18   0:00 [cpuhp/8]
root        56  0.0  0.0      0     0 ?        S    Mar18   0:02 [watchdog/8]
root        57  0.0  0.0      0     0 ?        S    Mar18   0:10 [migration/8]
root        58  0.0  0.0      0     0 ?        S    Mar18   0:00 [ksoftirqd/8]
root        60  0.0  0.0      0     0 ?        S<   Mar18   0:00 [kworker/8:0H]
root        61  0.0  0.0      0     0 ?        S    Mar18   0:00 [cpuhp/9]
root        62  0.0  0.0      0     0 ?        S    Mar18   0:02 [watchdog/9]
root        63  0.0  0.0      0     0 ?        S    Mar18   0:10 [migration/9]
root        64  0.0  0.0      0     0 ?        S    Mar18   0:00 [ksoftirqd/9]
root        66  0.0  0.0      0     0 ?        S<   Mar18   0:00 [kworker/9:0H]
root        67  0.0  0.0      0     0 ?        S    Mar18   0:00 [cpuhp/10]
root        68  0.0  0.0      0     0 ?        S    Mar18   0:02 [watchdog/10]
root        69  0.0  0.0      0     0 ?        S    Mar18   0:10 [migration/10]
root        70  0.0  0.0      0     0 ?        S    Mar18   0:01 [ksoftirqd/10]
root        72  0.0  0.0      0     0 ?        S<   Mar18   0:00 [kworker/10:0H]
root        73  0.0  0.0      0     0 ?        S    Mar18   0:00 [cpuhp/11]
root        74  0.0  0.0      0     0 ?        S    Mar18   0:02 [watchdog/11]
root        75  0.0  0.0      0     0 ?        S    Mar18   0:11 [migration/11]
root        76  0.0  0.0      0     0 ?        S    Mar18   0:01 [ksoftirqd/11]
root        78  0.0  0.0      0     0 ?        S<   Mar18   0:00 [kworker/11:0H]
root        79  0.0  0.0      0     0 ?        S    Mar18   0:00 [kdevtmpfs]
root        80  0.0  0.0      0     0 ?        S<   Mar18   0:00 [netns]
root        83  0.0  0.0      0     0 ?        S    Mar18   0:01 [khungtaskd]
root        84  0.0  0.0      0     0 ?        S    Mar18   0:01 [oom_reaper]
root        85  0.0  0.0      0     0 ?        S<   Mar18   0:00 [writeback]
root        86  0.0  0.0      0     0 ?        S    Mar18   0:00 [kcompactd0]
root        87  0.0  0.0      0     0 ?        SN   Mar18   0:00 [ksmd]
root        88  0.0  0.0      0     0 ?        SN   Mar18   0:00 [khugepaged]
root        89  0.0  0.0      0     0 ?        S<   Mar18   0:00 [crypto]
root        90  0.0  0.0      0     0 ?        S<   Mar18   0:00 [kintegrityd]
root        91  0.0  0.0      0     0 ?        S<   Mar18   0:00 [kblockd]
root       102  0.0  0.0      0     0 ?        S<   Mar18   0:00 [ata_sff]
root       103  0.0  0.0      0     0 ?        S<   Mar18   0:00 [md]
root       104  0.0  0.0      0     0 ?        S<   Mar18   0:00 [edac-poller]
root       105  0.0  0.0      0     0 ?        S<   Mar18   0:00 [devfreq_wq]
root       106  0.0  0.0      0     0 ?        S<   Mar18   0:00 [watchdogd]
root       109  0.0  0.0      0     0 ?        S    Mar18   0:00 [kauditd]
root       110  0.0  0.0      0     0 ?        S    Mar18   2:57 [kswapd0]
root       111  0.0  0.0      0     0 ?        S    Mar18   0:00 [ecryptfs-kthrea]
root       153  0.0  0.0      0     0 ?        S<   Mar18   0:00 [kthrotld]
root       154  0.0  0.0      0     0 ?        S<   Mar18   0:00 [acpi_thermal_pm]
root       159  0.0  0.0      0     0 ?        S<   Mar18   0:00 [ipv6_addrconf]
root       184  0.0  0.0      0     0 ?        S<   Mar18   0:00 [charger_manager]
root       236  0.0  0.0      0     0 ?        S<   Mar18   0:00 [nvme-wq]
root       239  0.0  0.0      0     0 ?        S    Mar18   0:00 [nvidia-modeset]
root       240  0.0  0.0      0     0 ?        S    Mar18   0:00 [scsi_eh_0]
root       241  0.0  0.0      0     0 ?        S<   Mar18   0:00 [scsi_tmf_0]
root       242  0.0  0.0      0     0 ?        S    Mar18   0:00 [scsi_eh_1]
root       243  0.0  0.0      0     0 ?        S<   Mar18   0:00 [scsi_tmf_1]
root       244  0.0  0.0      0     0 ?        S    Mar18   0:00 [scsi_eh_2]
root       245  0.0  0.0      0     0 ?        S<   Mar18   0:00 [scsi_tmf_2]
root       246  0.0  0.0      0     0 ?        S    Mar18   0:00 [scsi_eh_3]
root       247  0.0  0.0      0     0 ?        S<   Mar18   0:00 [scsi_tmf_3]
root       248  0.0  0.0      0     0 ?        S    Mar18   0:00 [scsi_eh_4]
root       249  0.0  0.0      0     0 ?        S<   Mar18   0:00 [scsi_tmf_4]
root       250  0.0  0.0      0     0 ?        S    Mar18   0:00 [scsi_eh_5]
root       251  0.0  0.0      0     0 ?        S<   Mar18   0:00 [scsi_tmf_5]
root       259  0.0  0.0      0     0 ?        S<   Mar18   0:00 [kworker/0:1H]
root       285  0.0  0.0      0     0 ?        S<   Mar18   0:00 [kworker/10:1H]
root       289  0.0  0.0      0     0 ?        S    Mar18   0:11 [jbd2/nvme0n1p1-]
root       290  0.0  0.0      0     0 ?        S<   Mar18   0:00 [ext4-rsv-conver]
root       324  0.0  0.0  35396  4900 ?        Ss   Mar18   0:51 /lib/systemd/systemd-journald
root       325  0.0  0.0      0     0 ?        S<   Mar18   0:00 [kworker/2:1H]
root       341  0.0  0.0  45816  3212 ?        Ss   Mar18   0:01 /lib/systemd/systemd-udevd
root       342  0.0  0.0      0     0 ?        S<   Mar18   0:00 [cfg80211]
root       369  0.0  0.0      0     0 ?        S<   Mar18   0:00 [kworker/1:1H]
systemd+   465  0.0  0.0 102384    36 ?        Ssl  Mar18   0:01 /lib/systemd/systemd-timesyncd
root       564  0.0  0.0      0     0 ?        S    Mar18   0:00 [UVM global queu]
root       565  0.0  0.0      0     0 ?        S    Mar18   0:00 [UVM Tools Event]
root       583  0.3  0.0      0     0 ?        S    Mar18  65:38 [irq/151-nvidia]
root       584  0.0  0.0      0     0 ?        S<   Mar18   0:00 [kworker/u25:0]
root       586  0.0  0.0      0     0 ?        S<   Mar18   0:00 [kworker/u25:2]
root       593  0.0  0.0      0     0 ?        S    Mar18   0:00 [nvidia]
root       595  0.0  0.0      0     0 ?        S    Mar18   0:00 [irq/152-mei_me]
root       802  0.0  0.0  52312    16 ?        S    Mar19   0:00 /usr/sbin/CRON -f
wolfm2     804  0.0  0.0   4504     0 ?        Ss   Mar19   0:00 /bin/sh -c /home/wolfm2/job.sh
wolfm2     806  0.0  0.0  12544     8 ?        S    Mar19   0:00 /bin/bash /home/wolfm2/job.sh
root       821  0.0  0.0      0     0 ?        S<   Mar18   0:00 [led_workqueue]
wolfm2     848  0.0  0.0 715336   948 ?        Sl   Mar19   7:18 /home/wolfm2/anaconda3/bin/python /home/wolfm2/jobin/main.py
wolfm2     874  0.1  0.0 9553324 1768 ?        Ssl  Mar19  31:52 /home/wolfm2/anaconda3/bin/python -m ipykernel_launcher -f /tmp/tmp3r5sq0q0.json
root       875  0.0  0.0  29008   560 ?        Ss   Mar18   0:14 /usr/sbin/cron -f
root       882  0.0  0.0   4396     0 ?        Ss   Mar18   0:00 /usr/sbin/acpid
avahi      887  0.0  0.0  45048   872 ?        Ss   Mar18   0:15 avahi-daemon: running [d12ml.local]
nvidia-+   888  0.0  0.0  17140   108 ?        Ss   Mar18   0:00 /usr/bin/nvidia-persistenced --user nvidia-persistenced --no-persistence-mode --verbose
root       895  0.0  0.0 413608  1056 ?        Ssl  Mar18   0:00 /usr/sbin/ModemManager
root       897  0.0  0.0  31956     0 ?        Ss   Mar18   0:00 /usr/lib/bluetooth/bluetoothd
root       899  0.0  0.0  28628  1920 ?        Ss   Mar18   0:01 /lib/systemd/systemd-logind
root       901  0.0  0.0 166432   196 ?        Ssl  Mar18   2:06 /usr/sbin/thermald --no-daemon --dbus-enable
root       902  0.0  0.0 287200  2640 ?        Ssl  Mar18   0:30 /usr/lib/accountsservice/accounts-daemon
root       907  0.0  0.0 767648  5224 ?        Ssl  Mar18   1:48 /usr/lib/snapd/snapd
syslog     914  0.0  0.0 256396   940 ?        Ssl  Mar18   0:17 /usr/sbin/rsyslogd -n
message+   916  0.0  0.0  44192  2848 ?        Ss   Mar18   0:02 /usr/bin/dbus-daemon --system --address=systemd: --nofork --nopidfile --systemd-activation
avahi      921  0.0  0.0  44784     4 ?        S    Mar18   0:00 avahi-daemon: chroot helper
root       939  0.0  0.0 451300  5340 ?        Ssl  Mar18   0:01 /usr/sbin/NetworkManager --no-daemon
root       965  0.0  0.0      0     0 ?        S<   Mar18   0:00 [kworker/4:1H]
root       967  0.0  0.0 290016  4328 ?        Ssl  Mar18   0:03 /usr/lib/policykit-1/polkitd --no-debug
root       969  0.0  0.0  19584   160 ?        Ss   Mar18   2:08 /usr/sbin/irqbalance --pid=/var/run/irqbalance.pid
root       986  0.0  0.0  65508  1160 ?        Ss   Mar18   0:00 /usr/sbin/sshd -D
root      1025  0.0  0.0 287712  2156 ?        Ssl  Mar18   0:00 /usr/sbin/lightdm
root      1033  0.0  0.0 226640 12120 tty7     Ssl+ Mar18   0:08 /usr/lib/xorg/Xorg -core :0 -seat seat0 -auth /var/run/lightdm/root/:0 -nolisten tcp vt7 -novtswitch
root      1068  0.0  0.0 226180  2072 ?        Sl   Mar18   0:00 lightdm --session-child 16 19
lightdm   1071  0.0  0.0  45276  2464 ?        Ss   Mar18   0:00 /lib/systemd/systemd --user
lightdm   1072  0.0  0.0  63244     4 ?        S    Mar18   0:00 (sd-pam)
root      1079  0.0  0.0      0     0 ?        S<   Mar18   0:00 [kworker/5:1H]
lightdm   1080  0.0  0.0   4504     0 ?        Ss   Mar18   0:00 /bin/sh /usr/lib/lightdm/lightdm-greeter-session /usr/sbin/unity-greeter
lightdm   1085  0.0  0.0  42988   952 ?        Ss   Mar18   0:03 /usr/bin/dbus-daemon --fork --print-pid 5 --print-address 7 --session
lightdm   1086  0.0  0.0 919236  8828 ?        Sl   Mar18   0:36 /usr/sbin/unity-greeter
lightdm   1088  0.0  0.0 346956     0 ?        Sl   Mar18   0:00 /usr/lib/at-spi2-core/at-spi-bus-launcher --launch-immediately
lightdm   1093  0.0  0.0  42764     0 ?        S    Mar18   0:00 /usr/bin/dbus-daemon --config-file=/etc/at-spi2/accessibility.conf --nofork --print-address 3
lightdm   1095  0.0  0.0 206864  1152 ?        Sl   Mar18   0:00 /usr/lib/at-spi2-core/at-spi2-registryd --use-gnome-session
lightdm   1101  0.0  0.0 274416     4 ?        Sl   Mar18   0:00 /usr/lib/gvfs/gvfsd
lightdm   1106  0.0  0.0 352264     0 ?        Sl   Mar18   0:00 /usr/lib/gvfs/gvfsd-fuse /run/user/108/gvfs -f -o big_writes
lightdm   1115  0.0  0.0 178532  2080 ?        Sl   Mar18   0:00 /usr/lib/dconf/dconf-service
root      1119  0.0  0.0      0     0 ?        S<   Mar18   0:00 [kworker/6:1H]
root      1120  0.0  0.0      0     0 ?        S<   Mar18   0:00 [kworker/8:1H]
root      1121  0.0  0.0      0     0 ?        S<   Mar18   0:00 [kworker/3:1H]
root      1122  0.0  0.0  82708     8 ?        S    Mar18   0:00 lightdm --session-child 12 19
lightdm   1126  0.0  0.0  45956  2316 ?        S    Mar18   0:00 upstart --user --startup-event indicator-services-start
lightdm   1128  0.0  0.0 659472  4036 ?        Sl   Mar18   0:00 nm-applet
lightdm   1130  0.0  0.0 618940  3540 ?        Sl   Mar18   0:08 /usr/lib/unity-settings-daemon/unity-settings-daemon
lightdm   1132  0.0  0.0 363364  2796 ?        Ssl  Mar18   0:00 /usr/lib/x86_64-linux-gnu/indicator-messages/indicator-messages-service
lightdm   1133  0.0  0.0 342332     0 ?        Ssl  Mar18   0:00 /usr/lib/x86_64-linux-gnu/indicator-bluetooth/indicator-bluetooth-service
lightdm   1134  0.0  0.0 426524     0 ?        Ssl  Mar18   0:00 /usr/lib/x86_64-linux-gnu/indicator-power/indicator-power-service
lightdm   1135  0.0  0.0 457892  1080 ?        Ssl  Mar18   0:15 /usr/lib/x86_64-linux-gnu/indicator-datetime/indicator-datetime-service
lightdm   1136  0.0  0.0 563912  9520 ?        Ssl  Mar18   0:02 /usr/lib/x86_64-linux-gnu/indicator-keyboard/indicator-keyboard-service --use-gtk
lightdm   1137  0.0  0.0 669160  3368 ?        Ssl  Mar18   0:00 /usr/lib/x86_64-linux-gnu/indicator-sound/indicator-sound-service
lightdm   1138  0.0  0.0 830756  3136 ?        Ssl  Mar18   0:00 /usr/lib/x86_64-linux-gnu/indicator-session/indicator-session-service
lightdm   1140  0.0  0.0 403148     0 ?        Ssl  Mar18   0:00 /usr/lib/x86_64-linux-gnu/indicator-application/indicator-application-service
lightdm   1187  0.0  0.0 490132   976 ?        S<l  Mar18   0:00 /usr/bin/pulseaudio --start --log-target=syslog
rtkit     1189  0.0  0.0 183544     0 ?        SNsl Mar18   0:12 /usr/lib/rtkit/rtkit-daemon
root      1201  0.0  0.0 347260   976 ?        Ssl  Mar18   0:00 /usr/lib/upower/upowerd
colord    1228  0.0  0.0 309136     4 ?        Ssl  Mar18   0:00 /usr/lib/colord/colord
root      1262  0.0  0.0  16124  2140 ?        S    Mar18   0:00 /sbin/dhclient -d -q -sf /usr/lib/NetworkManager/nm-dhcp-helper -pf /var/run/dhclient-enp0s31f6.pid -lf /var/lib/NetworkManager/dhclient-45d90ee1-f2f7-475d-94b8-7fa88540ba33-enp0s31f6.lease -cf /var/lib/NetworkManager/dhclient-enp0s31f6.conf enp0s31f6
root      1272  0.0  0.0      0     0 ?        S<   Mar18   0:00 [kworker/9:1H]
nobody    1273  0.0  0.0  52864   328 ?        S    Mar18   0:07 /usr/sbin/dnsmasq --no-resolv --keep-in-foreground --no-hosts --bind-interfaces --pid-file=/var/run/NetworkManager/dnsmasq.pid --listen-address=127.0.1.1 --cache-size=0 --conf-file=/dev/null --proxy-dnssec --enable-dbus=org.freedesktop.NetworkManager.dnsmasq --conf-dir=/etc/NetworkManager/dnsmasq.d
lightdm   1318  0.0  0.0 481996  1876 ?        Sl   Mar18   0:00 /usr/lib/x86_64-linux-gnu/notify-osd
root      1386  0.0  0.0      0     0 ?        S    Mar30   0:00 [kworker/8:1]
root      1432  0.0  0.0      0     0 ?        S<   Mar18   0:00 [kworker/11:1H]
whoopsie  1459  0.0  0.0 374012  1444 ?        Ssl  Mar18   0:00 /usr/bin/whoopsie -f
wolfm2    1460 23.2  0.0 9472448   72 ?        Sl   Mar19 4223:40 /home/wolfm2/anaconda3/bin/python -m ipykernel_launcher -f /tmp/tmp3r5sq0q0.json
root      1464  0.0  0.0  15936     0 tty1     Ss+  Mar18   0:00 /sbin/agetty --noclear tty1 linux
root      1734  0.0  0.0      0     0 ?        S<   Mar18   0:00 [kworker/7:1H]
root      3309  0.0  0.0      0     0 ?        S    Mar29   0:00 [kworker/1:1]
root      4074  0.0  0.0      0     0 ?        S    Mar30   0:00 [kworker/8:2]
wolfm2    5947  0.0  0.0 9553324 1856 ?        S    Mar22   0:00 /home/wolfm2/anaconda3/bin/python -m ipykernel_launcher -f /tmp/tmp3r5sq0q0.json
root      6466  0.0  0.0      0     0 ?        S    Mar30   0:00 [kworker/0:1]
root      7039  0.0  0.0      0     0 ?        S    Mar31   0:00 [kworker/1:2]
root      7068  0.0  0.0      0     0 ?        S    Mar31   0:00 [kworker/4:1]
root      8694  0.0  0.0      0     0 ?        S    Mar29   0:10 [kworker/0:2]
root      8915  0.0  0.0      0     0 ?        S    Mar31   0:04 [kworker/6:1]
root     14762  0.0  0.0      0     0 ?        S    Mar30   0:00 [kworker/2:2]
root     15079  0.0  0.0      0     0 ?        S    Mar29   0:00 [kworker/6:2]
pschmitt 15347  0.0  0.0  45276  4644 ?        Ss   Mar30   0:00 /lib/systemd/systemd --user
pschmitt 15348  0.0  0.0 210804  1724 ?        S    Mar30   0:00 (sd-pam)
pschmitt 15437  0.0  0.2 391216 83352 ?        Sl   Mar30   0:36 /home/pschmitt/anaconda3/bin/python /home/pschmitt/anaconda3/bin/jupyter-notebook --ip=149.31.182.149 --port=8005
pschmitt 15443  4.4  4.7 3523732 1546916 ?     Ssl  Mar30 126:43 /home/pschmitt/anaconda3/bin/python -m ipykernel_launcher -f /run/user/1002/jupyter/kernel-cec2032f-b943-4ddf-8205-5a115a9ab507.json
root     16922  0.0  0.0      0     0 ?        S    Mar30   0:00 [kworker/2:0]
root     18135  0.0  0.0      0     0 ?        S    Mar31   0:00 [kworker/5:0]
root     19080  0.0  0.0      0     0 ?        S    11:24   0:00 [kworker/9:0]
root     19083  0.0  0.0      0     0 ?        S    11:24   0:00 [kworker/4:2]
root     19145  0.0  0.0      0     0 ?        S    Mar31   0:00 [kworker/3:2]
root     19686  0.0  0.0      0     0 ?        S    Mar30   0:00 [kworker/7:2]
root     20560  0.0  0.0      0     0 ?        S    06:31   0:00 [kworker/10:1]
root     21516  0.0  0.0      0     0 ?        S    11:45   0:00 [kworker/u24:0]
root     22183  0.0  0.0      0     0 ?        S    11:51   0:00 [kworker/u24:1]
root     24408  0.0  0.0  52312  2940 ?        S    12:12   0:00 /usr/sbin/CRON -f
wolfm2   24410  0.0  0.0   4504   708 ?        Ss   12:12   0:00 /bin/sh -c /home/wolfm2/job.sh
wolfm2   24412  0.0  0.0  12544  2916 ?        S    12:12   0:00 /bin/bash /home/wolfm2/job.sh
root     24828  0.0  0.0      0     0 ?        S    Mar29   0:00 [kworker/9:1]
wolfm2   24960  0.0  0.0  37364  3300 ?        R    12:16   0:00 ps aux
root     27183  0.0  0.0      0     0 ?        S    07:35   0:00 [kworker/11:1]
root     27185  0.0  0.0  93276  7328 ?        Ss   07:35   0:00 /usr/sbin/cupsd -l
root     27186  0.0  0.0 274812  8896 ?        Ssl  07:35   0:00 /usr/sbin/cups-browsed
root     27191  0.0  0.0      0     0 ?        S    07:35   0:00 [kworker/5:2]
root     29270  0.0  0.0      0     0 ?        S    Mar31   0:00 [kworker/7:0]
root     31457  0.0  0.0      0     0 ?        S    Mar30   0:00 [kworker/3:1]
root     31467  0.0  0.0      0     0 ?        S    Mar31   0:00 [kworker/11:0]
root     31469  0.0  0.0      0     0 ?        S    Mar31   0:00 [kworker/10:0]
Sun Apr  1 12:16:35 EDT 2018
The following paths are ignored by one of your .gitignore files:
minibook/amazon.1/__pycache__/my_measures.cpython-36.pyc
Use -f if you really want to add them.
The following paths are ignored by one of your .gitignore files:
minibook/amazon.0/__pycache__/my_measures.cpython-36.pyc
Use -f if you really want to add them.
The following paths are ignored by one of your .gitignore files:
minibook/amazonIter/__pycache__/my_measures.cpython-36.pyc
Use -f if you really want to add them.
The following paths are ignored by one of your .gitignore files:
minibook/amazon/__pycache__/my_measures.cpython-36.pyc
Use -f if you really want to add them.
Pushing...
To ssh://git@github.com/wolfm2/jobout.git
   3a33888..5af41c0  master -> master
