
Sun Mar 11 16:10:03 EDT 2018
Doing...
Updating d760280..aefa5e3
Fast-forward
 main.py                         |   4 +-
 minibook/amazon/_01_train.ipynb | 362 +++++++++++++++++++++++++++++++---------
 2 files changed, 282 insertions(+), 84 deletions(-)
sending incremental file list
deleting __pycache__/my_measures.cpython-36.pyc
deleting __pycache__/
deleting transformer.pkl
deleting sc.pkl
deleting output.ipynb
deleting lgs.pkl
deleting job.log
deleting hv.pkl
deleting Amazon.csv
./
_01_train.ipynb

sent 60,372 bytes  received 187 bytes  121,118.00 bytes/sec
total size is 148,072  speedup is 2.45
Amazon.csv

bzip2: (stdin): trailing garbage after EOF ignored
cat: write error: Broken pipe
  0%|          | 0/33 [00:00<?, ?it/s]  6%|▌         | 2/33 [00:00<00:04,  6.95it/s]wolfm2    8664  0.0  0.0   4504   744 ?        Ss   16:10   0:00 /bin/sh -c /home/wolfm2/job.sh
wolfm2    8665  0.0  0.0  12544  2908 ?        S    16:10   0:00 /bin/bash /home/wolfm2/job.sh
wolfm2    8689  8.5  0.3 715064 107304 ?       Sl   16:10   0:00 /home/wolfm2/anaconda3/bin/python /home/wolfm2/jobin/main.py
wolfm2    8715 74.0  0.3 981052 116860 ?       Ssl  16:10   0:00 /home/wolfm2/anaconda3/bin/python -m ipykernel_launcher -f /tmp/tmpuhue3w_i.json
wolfm2    8742  0.0  0.0   4504   744 ?        S    16:10   0:00 sh -c ps aux | grep wolfm2
wolfm2    8743  0.0  0.0  37364  3304 ?        R    16:10   0:00 ps aux
wolfm2    8744  0.0  0.0  14224  1016 ?        S    16:10   0:00 grep wolfm2
 15%|█▌        | 5/33 [00:01<00:10,  2.61it/s] 27%|██▋       | 9/33 [00:02<00:05,  4.19it/s]
Input Notebook:  _01_train.ipynb
Output Notebook: output.ipynb
Traceback (most recent call last):
  File "/home/wolfm2/jobin/main.py", line 77, in <module>
    main()
  File "/home/wolfm2/jobin/main.py", line 17, in main
    'output.ipynb',
  File "/home/wolfm2/anaconda3/lib/python3.6/site-packages/papermill/execute.py", line 197, in execute_notebook
    raise_for_execution_errors(nb, output)
  File "/home/wolfm2/anaconda3/lib/python3.6/site-packages/papermill/execute.py", line 394, in raise_for_execution_errors
    raise error
papermill.exceptions.PapermillExecutionError: 
---------------------------------------------------------------------------
Exception encountered at "In [7]":
---------------------------------------------------------------------------
TypeError                                 Traceback (most recent call last)
~/anaconda3/lib/python3.6/site-packages/pandas/core/ops.py in na_op(x, y)
    657             result = expressions.evaluate(op, str_rep, x, y,
--> 658                                           raise_on_error=True, **eval_kwargs)
    659         except TypeError:

~/anaconda3/lib/python3.6/site-packages/pandas/core/computation/expressions.py in evaluate(op, op_str, a, b, raise_on_error, use_numexpr, **eval_kwargs)
    210         return _evaluate(op, op_str, a, b, raise_on_error=raise_on_error,
--> 211                          **eval_kwargs)
    212     return _evaluate_standard(op, op_str, a, b, raise_on_error=raise_on_error)

~/anaconda3/lib/python3.6/site-packages/pandas/core/computation/expressions.py in _evaluate_numexpr(op, op_str, a, b, raise_on_error, truediv, reversed, **eval_kwargs)
    121     if result is None:
--> 122         result = _evaluate_standard(op, op_str, a, b, raise_on_error)
    123 

~/anaconda3/lib/python3.6/site-packages/pandas/core/computation/expressions.py in _evaluate_standard(op, op_str, a, b, raise_on_error, **eval_kwargs)
     63     with np.errstate(all='ignore'):
---> 64         return op(a, b)
     65 

TypeError: ufunc 'add' did not contain a loop with signature matching types dtype('<U21') dtype('<U21') dtype('<U21')

During handling of the above exception, another exception occurred:

TypeError                                 Traceback (most recent call last)
<ipython-input-7-0382bb828455> in <module>()
      8 hv0 = HashingVectorizer(n_features=2 ** 19, non_negative=True, strip_accents=ascii, tokenizer=LemmaTokenizer(), stop_words={'english'}, 
      9                            ngram_range=(1,4), token_pattern = r'\b[a-zA-Z]{3,}\b')
---> 10 X_hv0 = hv0.fit_transform(amazon.timeFilter + " " + amazon.ProductId + " " + amazon.UserId + " " + amazon.Text) # mw adds uid as token
     11 
     12 # and a second domain where we look at the summary

~/anaconda3/lib/python3.6/site-packages/pandas/core/ops.py in wrapper(left, right, name, na_op)
    719                 lvalues = lvalues.values
    720 
--> 721         result = wrap_results(safe_na_op(lvalues, rvalues))
    722         return construct_result(
    723             left,

~/anaconda3/lib/python3.6/site-packages/pandas/core/ops.py in safe_na_op(lvalues, rvalues)
    680         try:
    681             with np.errstate(all='ignore'):
--> 682                 return na_op(lvalues, rvalues)
    683         except Exception:
    684             if isinstance(rvalues, ABCSeries):

~/anaconda3/lib/python3.6/site-packages/pandas/core/ops.py in na_op(x, y)
    666                 result = np.empty(len(x), dtype=x.dtype)
    667                 mask = notnull(x)
--> 668                 result[mask] = op(x[mask], y)
    669             else:
    670                 raise TypeError("{typ} cannot perform the operation "

TypeError: ufunc 'add' did not contain a loop with signature matching types dtype('<U21') dtype('<U21') dtype('<U21')

.:
total 4
drwxrwxr-x 6 wolfm2 wolfm2 4096 Mar 11 16:10 minibook

./minibook:
total 16
drwxrwxr-x 2 wolfm2 wolfm2 4096 Mar 11 16:10 amazon
drwxrwxr-x 2 wolfm2 wolfm2 4096 Mar  7 11:47 amazonFirstIter
drwxrwxr-x 3 wolfm2 wolfm2 4096 Mar 10 19:56 amazonIter
drwxrwxr-x 2 wolfm2 wolfm2 4096 Mar  9 14:16 system

./minibook/amazon:
total 242756
-rw-rw-r-- 1 wolfm2 wolfm2      2978 Mar  9 13:31 _00_split.ipynb
-rw-rw-r-- 1 wolfm2 wolfm2     31638 Mar  9 16:12 _01_train.0.ipynb
-rw-rw-r-- 1 wolfm2 wolfm2     60059 Mar 11 16:10 _01_train.ipynb
-rw-rw-r-- 1 wolfm2 wolfm2     26250 Mar  7 11:47 _02_test.ipynb
-rw-rw-r-- 1 wolfm2 wolfm2     20981 Mar  7 11:47 _03_submission.ipynb
-rw-rw-r-- 1 wolfm2 wolfm2 248373493 Mar  6 20:06 Amazon.csv
-rw-rw-r-- 1 wolfm2 wolfm2      5412 Mar 11 16:10 job.log
-rw-rw-r-- 1 wolfm2 wolfm2      2632 Mar  7 11:47 my_measures.py
-rw-rw-r-- 1 wolfm2 wolfm2     32793 Mar 11 16:10 output.ipynb
-rw-rw-r-- 1 wolfm2 wolfm2      3534 Mar  7 11:47 README.md

./minibook/amazonFirstIter:
total 61448
-rw-rw-r-- 1 wolfm2 wolfm2    20808 Mar  7 11:47 _03_submission.ipynb
-rw-rw-r-- 1 wolfm2 wolfm2      557 Mar  7 11:47 hv.pkl
-rw-rw-r-- 1 wolfm2 wolfm2  2098273 Mar  7 11:47 lgs.pkl
-rw-rw-r-- 1 wolfm2 wolfm2     2632 Mar  7 11:47 my_measures.py
-rw-rw-r-- 1 wolfm2 wolfm2 50282018 Mar  7 11:47 raw_data_test.csv
-rw-rw-r-- 1 wolfm2 wolfm2  6292015 Mar  7 11:47 sc.pkl
-rw-rw-r-- 1 wolfm2 wolfm2  4194972 Mar  7 11:47 transformer.pkl
-rw-rw-r-- 1 wolfm2 wolfm2     8988 Mar  7 11:47 ver.py

./minibook/amazonIter:
total 73792
-rw-rw-r-- 1 wolfm2 wolfm2    21394 Mar 10 19:56 _03_submission.ipynb
-rw-rw-r-- 1 wolfm2 wolfm2      645 Mar 10 19:49 hv.pkl
-rw-rw-r-- 1 wolfm2 wolfm2    23701 Mar 10 19:57 job.log
-rw-rw-r-- 1 wolfm2 wolfm2  4195425 Mar 10 19:49 lgs.pkl
-rw-rw-r-- 1 wolfm2 wolfm2     2632 Mar 10 19:49 my_measures.py
-rw-rw-r-- 1 wolfm2 wolfm2    26883 Mar 10 19:57 output.ipynb
drwxrwxr-x 2 wolfm2 wolfm2     4096 Mar 10 19:56 __pycache__
-rw-rw-r-- 1 wolfm2 wolfm2 50282018 Mar 10 19:49 raw_data_test.csv
-rw-rw-r-- 1 wolfm2 wolfm2 12583471 Mar 10 19:49 sc.pkl
-rw-rw-r-- 1 wolfm2 wolfm2  8389276 Mar 10 19:49 transformer.pkl
-rw-rw-r-- 1 wolfm2 wolfm2     8988 Mar 10 19:49 ver.py

./minibook/amazonIter/__pycache__:
total 4
-rw-rw-r-- 1 wolfm2 wolfm2 2047 Mar 10 19:56 my_measures.cpython-36.pyc

./minibook/system:
total 56
-rw-rw-r-- 1 wolfm2 wolfm2 22404 Mar  9 14:16 job.log
-rw-rw-r-- 1 wolfm2 wolfm2  1484 Mar  9 14:16 output.ipynb
-rw-rw-r-- 1 wolfm2 wolfm2   993 Mar  9 14:12 runner.ipynb
-rw-rw-r-- 1 wolfm2 wolfm2 20853 Mar  9 14:16 tst.txt
USER       PID %CPU %MEM    VSZ   RSS TTY      STAT START   TIME COMMAND
root         1  0.0  0.0 185324  5876 ?        Ss   Mar08   0:02 /sbin/init splash
root         2  0.0  0.0      0     0 ?        S    Mar08   0:00 [kthreadd]
root         4  0.0  0.0      0     0 ?        S<   Mar08   0:00 [kworker/0:0H]
root         6  0.0  0.0      0     0 ?        S<   Mar08   0:00 [mm_percpu_wq]
root         7  0.0  0.0      0     0 ?        S    Mar08   0:00 [ksoftirqd/0]
root         8  0.0  0.0      0     0 ?        S    Mar08   0:11 [rcu_sched]
root         9  0.0  0.0      0     0 ?        S    Mar08   0:00 [rcu_bh]
root        10  0.0  0.0      0     0 ?        S    Mar08   0:00 [migration/0]
root        11  0.0  0.0      0     0 ?        S    Mar08   0:00 [watchdog/0]
root        12  0.0  0.0      0     0 ?        S    Mar08   0:00 [cpuhp/0]
root        13  0.0  0.0      0     0 ?        S    Mar08   0:00 [cpuhp/1]
root        14  0.0  0.0      0     0 ?        S    Mar08   0:00 [watchdog/1]
root        15  0.0  0.0      0     0 ?        S    Mar08   0:00 [migration/1]
root        16  0.0  0.0      0     0 ?        S    Mar08   0:00 [ksoftirqd/1]
root        18  0.0  0.0      0     0 ?        S<   Mar08   0:00 [kworker/1:0H]
root        19  0.0  0.0      0     0 ?        S    Mar08   0:00 [cpuhp/2]
root        20  0.0  0.0      0     0 ?        S    Mar08   0:00 [watchdog/2]
root        21  0.0  0.0      0     0 ?        S    Mar08   0:00 [migration/2]
root        22  0.0  0.0      0     0 ?        S    Mar08   0:00 [ksoftirqd/2]
root        24  0.0  0.0      0     0 ?        S<   Mar08   0:00 [kworker/2:0H]
root        25  0.0  0.0      0     0 ?        S    Mar08   0:00 [cpuhp/3]
root        26  0.0  0.0      0     0 ?        S    Mar08   0:00 [watchdog/3]
root        27  0.0  0.0      0     0 ?        S    Mar08   0:00 [migration/3]
root        28  0.0  0.0      0     0 ?        S    Mar08   0:00 [ksoftirqd/3]
root        30  0.0  0.0      0     0 ?        S<   Mar08   0:00 [kworker/3:0H]
root        31  0.0  0.0      0     0 ?        S    Mar08   0:00 [cpuhp/4]
root        32  0.0  0.0      0     0 ?        S    Mar08   0:00 [watchdog/4]
root        33  0.0  0.0      0     0 ?        S    Mar08   0:00 [migration/4]
root        34  0.0  0.0      0     0 ?        S    Mar08   0:00 [ksoftirqd/4]
root        36  0.0  0.0      0     0 ?        S<   Mar08   0:00 [kworker/4:0H]
root        37  0.0  0.0      0     0 ?        S    Mar08   0:00 [cpuhp/5]
root        38  0.0  0.0      0     0 ?        S    Mar08   0:00 [watchdog/5]
root        39  0.0  0.0      0     0 ?        S    Mar08   0:00 [migration/5]
root        40  0.0  0.0      0     0 ?        S    Mar08   0:00 [ksoftirqd/5]
root        42  0.0  0.0      0     0 ?        S<   Mar08   0:00 [kworker/5:0H]
root        43  0.0  0.0      0     0 ?        S    Mar08   0:00 [cpuhp/6]
root        44  0.0  0.0      0     0 ?        S    Mar08   0:00 [watchdog/6]
root        45  0.0  0.0      0     0 ?        S    Mar08   0:00 [migration/6]
root        46  0.0  0.0      0     0 ?        S    Mar08   0:00 [ksoftirqd/6]
root        48  0.0  0.0      0     0 ?        S<   Mar08   0:00 [kworker/6:0H]
root        49  0.0  0.0      0     0 ?        S    Mar08   0:00 [cpuhp/7]
root        50  0.0  0.0      0     0 ?        S    Mar08   0:00 [watchdog/7]
root        51  0.0  0.0      0     0 ?        S    Mar08   0:00 [migration/7]
root        52  0.0  0.0      0     0 ?        S    Mar08   0:00 [ksoftirqd/7]
root        54  0.0  0.0      0     0 ?        S<   Mar08   0:00 [kworker/7:0H]
root        55  0.0  0.0      0     0 ?        S    Mar08   0:00 [cpuhp/8]
root        56  0.0  0.0      0     0 ?        S    Mar08   0:00 [watchdog/8]
root        57  0.0  0.0      0     0 ?        S    Mar08   0:00 [migration/8]
root        58  0.0  0.0      0     0 ?        S    Mar08   0:00 [ksoftirqd/8]
root        60  0.0  0.0      0     0 ?        S<   Mar08   0:00 [kworker/8:0H]
root        61  0.0  0.0      0     0 ?        S    Mar08   0:00 [cpuhp/9]
root        62  0.0  0.0      0     0 ?        S    Mar08   0:00 [watchdog/9]
root        63  0.0  0.0      0     0 ?        S    Mar08   0:00 [migration/9]
root        64  0.0  0.0      0     0 ?        S    Mar08   0:00 [ksoftirqd/9]
root        66  0.0  0.0      0     0 ?        S<   Mar08   0:00 [kworker/9:0H]
root        67  0.0  0.0      0     0 ?        S    Mar08   0:00 [cpuhp/10]
root        68  0.0  0.0      0     0 ?        S    Mar08   0:00 [watchdog/10]
root        69  0.0  0.0      0     0 ?        S    Mar08   0:00 [migration/10]
root        70  0.0  0.0      0     0 ?        S    Mar08   0:00 [ksoftirqd/10]
root        72  0.0  0.0      0     0 ?        S<   Mar08   0:00 [kworker/10:0H]
root        73  0.0  0.0      0     0 ?        S    Mar08   0:00 [cpuhp/11]
root        74  0.0  0.0      0     0 ?        S    Mar08   0:00 [watchdog/11]
root        75  0.0  0.0      0     0 ?        S    Mar08   0:00 [migration/11]
root        76  0.0  0.0      0     0 ?        S    Mar08   0:00 [ksoftirqd/11]
root        78  0.0  0.0      0     0 ?        S<   Mar08   0:00 [kworker/11:0H]
root        79  0.0  0.0      0     0 ?        S    Mar08   0:00 [kdevtmpfs]
root        80  0.0  0.0      0     0 ?        S<   Mar08   0:00 [netns]
root        83  0.0  0.0      0     0 ?        S    Mar08   0:00 [khungtaskd]
root        84  0.0  0.0      0     0 ?        S    Mar08   0:00 [oom_reaper]
root        85  0.0  0.0      0     0 ?        S<   Mar08   0:00 [writeback]
root        86  0.0  0.0      0     0 ?        S    Mar08   0:00 [kcompactd0]
root        87  0.0  0.0      0     0 ?        SN   Mar08   0:00 [ksmd]
root        88  0.0  0.0      0     0 ?        SN   Mar08   0:00 [khugepaged]
root        89  0.0  0.0      0     0 ?        S<   Mar08   0:00 [crypto]
root        90  0.0  0.0      0     0 ?        S<   Mar08   0:00 [kintegrityd]
root        91  0.0  0.0      0     0 ?        S<   Mar08   0:00 [kblockd]
root       102  0.0  0.0      0     0 ?        S<   Mar08   0:00 [ata_sff]
root       103  0.0  0.0      0     0 ?        S<   Mar08   0:00 [md]
root       104  0.0  0.0      0     0 ?        S<   Mar08   0:00 [edac-poller]
root       105  0.0  0.0      0     0 ?        S<   Mar08   0:00 [devfreq_wq]
root       106  0.0  0.0      0     0 ?        S<   Mar08   0:00 [watchdogd]
root       109  0.0  0.0      0     0 ?        S    Mar08   0:00 [kauditd]
root       110  0.0  0.0      0     0 ?        S    Mar08   0:00 [kswapd0]
root       111  0.0  0.0      0     0 ?        S    Mar08   0:00 [ecryptfs-kthrea]
root       153  0.0  0.0      0     0 ?        S<   Mar08   0:00 [kthrotld]
root       154  0.0  0.0      0     0 ?        S<   Mar08   0:00 [acpi_thermal_pm]
root       159  0.0  0.0      0     0 ?        S<   Mar08   0:00 [ipv6_addrconf]
root       184  0.0  0.0      0     0 ?        S<   Mar08   0:00 [charger_manager]
root       236  0.0  0.0      0     0 ?        S<   Mar08   0:00 [nvme-wq]
root       237  0.0  0.0      0     0 ?        S    Mar08   0:00 [nvidia-modeset]
root       240  0.0  0.0      0     0 ?        S    Mar08   0:00 [scsi_eh_0]
root       241  0.0  0.0      0     0 ?        S<   Mar08   0:00 [scsi_tmf_0]
root       242  0.0  0.0      0     0 ?        S    Mar08   0:00 [scsi_eh_1]
root       243  0.0  0.0      0     0 ?        S<   Mar08   0:00 [scsi_tmf_1]
root       244  0.0  0.0      0     0 ?        S    Mar08   0:00 [scsi_eh_2]
root       245  0.0  0.0      0     0 ?        S<   Mar08   0:00 [scsi_tmf_2]
root       246  0.0  0.0      0     0 ?        S    Mar08   0:00 [scsi_eh_3]
root       247  0.0  0.0      0     0 ?        S<   Mar08   0:00 [scsi_tmf_3]
root       248  0.0  0.0      0     0 ?        S    Mar08   0:00 [scsi_eh_4]
root       249  0.0  0.0      0     0 ?        S<   Mar08   0:00 [scsi_tmf_4]
root       250  0.0  0.0      0     0 ?        S    Mar08   0:00 [scsi_eh_5]
root       251  0.0  0.0      0     0 ?        S<   Mar08   0:00 [scsi_tmf_5]
root       261  0.0  0.0      0     0 ?        S<   Mar08   0:00 [kworker/0:1H]
root       287  0.0  0.0      0     0 ?        S<   Mar08   0:00 [kworker/11:1H]
root       291  0.0  0.0      0     0 ?        S    Mar08   0:01 [jbd2/nvme0n1p1-]
root       292  0.0  0.0      0     0 ?        S<   Mar08   0:00 [ext4-rsv-conver]
root       324  0.0  0.0  64076 29092 ?        Ss   Mar08   0:06 /lib/systemd/systemd-journald
root       327  0.0  0.0      0     0 ?        S<   Mar08   0:00 [kworker/3:1H]
root       347  0.0  0.0  45952  4720 ?        Ss   Mar08   0:00 /lib/systemd/systemd-udevd
root       348  0.0  0.0      0     0 ?        S<   Mar08   0:00 [cfg80211]
root       372  0.0  0.0      0     0 ?        S<   Mar08   0:00 [kworker/10:1H]
systemd+   553  0.0  0.0 102384  2544 ?        Ssl  Mar08   0:00 /lib/systemd/systemd-timesyncd
root       586  0.0  0.0      0     0 ?        S    Mar08   0:00 [UVM global queu]
root       588  0.0  0.0      0     0 ?        S    Mar08   0:00 [UVM Tools Event]
root       591  0.0  0.0      0     0 ?        S    Mar08   0:00 [irq/151-mei_me]
root       661  0.0  0.0      0     0 ?        S<   Mar08   0:00 [kworker/u25:0]
root       663  0.0  0.0      0     0 ?        S<   Mar08   0:00 [kworker/u25:1]
root       845  0.0  0.0      0     0 ?        S<   Mar08   0:00 [led_workqueue]
avahi      892  0.0  0.0  45044  3572 ?        Ss   Mar08   0:03 avahi-daemon: running [d12ml.local]
message+   897  0.0  0.0  44248  5128 ?        Ss   Mar08   0:00 /usr/bin/dbus-daemon --system --address=systemd: --nofork --nopidfile --systemd-activation
avahi      906  0.0  0.0  44784   336 ?        S    Mar08   0:00 avahi-daemon: chroot helper
root       908  0.0  0.0   4396  1252 ?        Ss   Mar08   0:00 /usr/sbin/acpid
root       911  0.0  0.0 451428 16660 ?        Ssl  Mar08   0:00 /usr/sbin/NetworkManager --no-daemon
root       915  0.0  0.0 636576 23580 ?        Ssl  Mar08   0:23 /usr/lib/snapd/snapd
root       916  0.0  0.0 286964  8264 ?        Ssl  Mar08   0:04 /usr/lib/accountsservice/accounts-daemon
root       918  0.0  0.0 413632  8808 ?        Ssl  Mar08   0:00 /usr/sbin/ModemManager
root       919  0.0  0.0  29008  2976 ?        Ss   Mar08   0:01 /usr/sbin/cron -f
syslog     922  0.0  0.0 256396  3560 ?        Ssl  Mar08   0:02 /usr/sbin/rsyslogd -n
root       923  0.0  0.0  31956  4308 ?        Ss   Mar08   0:00 /usr/lib/bluetooth/bluetoothd
root       928  0.0  0.0  28628  3164 ?        Ss   Mar08   0:00 /lib/systemd/systemd-logind
root       929  0.0  0.0 166432  8732 ?        Ssl  Mar08   0:28 /usr/sbin/thermald --no-daemon --dbus-enable
root       983  0.0  0.0      0     0 ?        S<   Mar08   0:00 [kworker/5:1H]
root       998  0.0  0.0  19584  2192 ?        Ss   Mar08   0:42 /usr/sbin/irqbalance --pid=/var/run/irqbalance.pid
root      1010  0.0  0.0      0     0 ?        S<   Mar08   0:00 [kworker/6:1H]
root      1023  0.0  0.0  65508  6212 ?        Ss   Mar08   0:00 /usr/sbin/sshd -D
root      1024  0.0  0.0 289688  9544 ?        Ssl  Mar08   0:00 /usr/lib/policykit-1/polkitd --no-debug
root      1033  0.0  0.0 287744  7948 ?        SLsl Mar08   0:00 /usr/sbin/lightdm
root      1139  0.0  0.0      0     0 ?        S<   Mar08   0:00 [kworker/9:1H]
rtkit     1207  0.0  0.0 183544  2916 ?        SNsl Mar08   0:02 /usr/lib/rtkit/rtkit-daemon
root      1217  0.0  0.0 347260  9856 ?        Ssl  Mar08   0:00 /usr/lib/upower/upowerd
colord    1248  0.0  0.0 309112 12244 ?        Ssl  Mar08   0:00 /usr/lib/colord/colord
root      1257  0.0  0.0  16124  3708 ?        S    Mar08   0:00 /sbin/dhclient -d -q -sf /usr/lib/NetworkManager/nm-dhcp-helper -pf /var/run/dhclient-enp0s31f6.pid -lf /var/lib/NetworkManager/dhclient-45d90ee1-f2f7-475d-94b8-7fa88540ba33-enp0s31f6.lease -cf /var/lib/NetworkManager/dhclient-enp0s31f6.conf enp0s31f6
root      1267  0.0  0.0      0     0 ?        S<   Mar08   0:00 [kworker/4:1H]
nobody    1268  0.0  0.0  52864  4008 ?        S    Mar08   0:00 /usr/sbin/dnsmasq --no-resolv --keep-in-foreground --no-hosts --bind-interfaces --pid-file=/var/run/NetworkManager/dnsmasq.pid --listen-address=127.0.1.1 --cache-size=0 --conf-file=/dev/null --proxy-dnssec --enable-dbus=org.freedesktop.NetworkManager.dnsmasq --conf-dir=/etc/NetworkManager/dnsmasq.d
root      1426  0.0  0.0      0     0 ?        S<   Mar08   0:00 [kworker/1:1H]
whoopsie  1450  0.0  0.0 374012 12284 ?        Ssl  Mar08   0:00 /usr/bin/whoopsie -f
root      1455  0.0  0.0  15936  1792 tty1     Ss+  Mar08   0:00 /sbin/agetty --noclear tty1 linux
root      1486  0.0  0.0      0     0 ?        S<   Mar08   0:00 [kworker/7:1H]
root      1487  0.0  0.0      0     0 ?        S<   Mar08   0:00 [kworker/2:1H]
root      1488  0.0  0.0      0     0 ?        S<   Mar08   0:00 [kworker/8:1H]
root      2015  0.0  0.0 377848  9560 ?        Ssl  Mar08   0:00 /usr/lib/udisks2/udisksd --no-debug
root      2154  0.0  0.1 506976 34900 ?        Ssl  Mar08   0:00 /usr/lib/x86_64-linux-gnu/fwupd/fwupd
root      2604  0.0  0.0 166536   652 ?        Ss   Mar08   0:07 gpg-agent --homedir /var/lib/fwupd/gnupg --use-standard-socket --daemon
root      3514  0.0  0.1 323128 54328 tty7     Ssl+ Mar08   0:04 /usr/lib/xorg/Xorg -core :0 -seat seat0 -auth /var/run/lightdm/root/:0 -nolisten tcp vt7 -novtswitch
root      3516  0.3  0.0      0     0 ?        S    Mar08  14:07 [irq/152-nvidia]
root      3517  0.0  0.0      0     0 ?        S    Mar08   0:00 [nvidia]
nvidia-+  3520  0.0  0.0  17140  1584 ?        Ss   Mar08   0:00 /usr/bin/nvidia-persistenced --user nvidia-persistenced --no-persistence-mode --verbose
root      3531  0.0  0.0 226180  6260 ?        Sl   Mar08   0:00 lightdm --session-child 16 19
lightdm   3534  0.0  0.0  45276  4580 ?        Ss   Mar08   0:00 /lib/systemd/systemd --user
lightdm   3535  0.0  0.0 210868  2068 ?        S    Mar08   0:00 (sd-pam)
lightdm   3542  0.0  0.0   4504   740 ?        Ss   Mar08   0:00 /bin/sh /usr/lib/lightdm/lightdm-greeter-session /usr/sbin/unity-greeter
lightdm   3547  0.0  0.0  43016  3324 ?        Ss   Mar08   0:00 /usr/bin/dbus-daemon --fork --print-pid 5 --print-address 7 --session
lightdm   3548  0.0  0.2 1009784 89124 ?       Sl   Mar08   0:11 /usr/sbin/unity-greeter
lightdm   3550  0.0  0.0 346956  7456 ?        Sl   Mar08   0:00 /usr/lib/at-spi2-core/at-spi-bus-launcher --launch-immediately
lightdm   3555  0.0  0.0  42764  3468 ?        S    Mar08   0:00 /usr/bin/dbus-daemon --config-file=/etc/at-spi2/accessibility.conf --nofork --print-address 3
lightdm   3557  0.0  0.0 206864  6368 ?        Sl   Mar08   0:00 /usr/lib/at-spi2-core/at-spi2-registryd --use-gnome-session
lightdm   3563  0.0  0.0 274416  6192 ?        Sl   Mar08   0:00 /usr/lib/gvfs/gvfsd
lightdm   3568  0.0  0.0 352264  7160 ?        Sl   Mar08   0:00 /usr/lib/gvfs/gvfsd-fuse /run/user/108/gvfs -f -o big_writes
lightdm   3579  0.0  0.0 178532  4820 ?        Sl   Mar08   0:00 /usr/lib/dconf/dconf-service
root      3582  0.0  0.0  82708  4928 ?        S    Mar08   0:00 lightdm --session-child 12 19
lightdm   3586  0.0  0.0  45956  4244 ?        S    Mar08   0:00 upstart --user --startup-event indicator-services-start
lightdm   3588  0.0  0.1 585768 33672 ?        Sl   Mar08   0:00 nm-applet
lightdm   3590  0.0  0.0 363364  8744 ?        Ssl  Mar08   0:00 /usr/lib/x86_64-linux-gnu/indicator-messages/indicator-messages-service
lightdm   3591  0.0  0.0 342336  7116 ?        Ssl  Mar08   0:00 /usr/lib/x86_64-linux-gnu/indicator-bluetooth/indicator-bluetooth-service
lightdm   3592  0.0  0.0 573988  9340 ?        Ssl  Mar08   0:00 /usr/lib/x86_64-linux-gnu/indicator-power/indicator-power-service
lightdm   3593  0.0  0.0 539820 13336 ?        Ssl  Mar08   0:03 /usr/lib/x86_64-linux-gnu/indicator-datetime/indicator-datetime-service
lightdm   3594  0.0  0.0 563912 29988 ?        Ssl  Mar08   0:00 /usr/lib/x86_64-linux-gnu/indicator-keyboard/indicator-keyboard-service --use-gtk
lightdm   3595  0.0  0.0 742868 12132 ?        Ssl  Mar08   0:00 /usr/lib/x86_64-linux-gnu/indicator-sound/indicator-sound-service
lightdm   3596  0.0  0.0 765220  8176 ?        Ssl  Mar08   0:00 /usr/lib/x86_64-linux-gnu/indicator-session/indicator-session-service
lightdm   3620  0.0  0.0 403148 12824 ?        Ssl  Mar08   0:00 /usr/lib/x86_64-linux-gnu/indicator-application/indicator-application-service
lightdm   3629  0.0  0.0 618904 25252 ?        Sl   Mar08   0:01 /usr/lib/unity-settings-daemon/unity-settings-daemon
lightdm   3647  0.0  0.0 490188 10692 ?        S<l  Mar08   0:00 /usr/bin/pulseaudio --start --log-target=syslog
root      3663  0.0  0.0      0     0 ?        S    Mar08   0:00 [kworker/4:0]
root      3693  0.0  0.0      0     0 ?        S    Mar08   0:00 [kworker/7:0]
root      7887  0.0  0.0      0     0 ?        S    15:55   0:00 [kworker/u24:2]
root      7951  0.0  0.0      0     0 ?        S    Mar10   0:00 [kworker/5:2]
root      7952  0.0  0.0      0     0 ?        S    Mar10   0:00 [kworker/6:1]
root      8038  0.0  0.0      0     0 ?        S    Mar10   0:00 [kworker/8:0]
root      8276  0.0  0.0      0     0 ?        S    16:02   0:00 [kworker/u24:0]
root      8663  0.0  0.0  52312  2968 ?        S    16:10   0:00 /usr/sbin/CRON -f
wolfm2    8664  0.0  0.0   4504   744 ?        Ss   16:10   0:00 /bin/sh -c /home/wolfm2/job.sh
wolfm2    8665  0.0  0.0  12544  2908 ?        S    16:10   0:00 /bin/bash /home/wolfm2/job.sh
wolfm2    8746  0.0  0.0  37364  3280 ?        R    16:10   0:00 ps aux
root     12398  0.0  0.0      0     0 ?        S    07:35   0:00 [kworker/10:1]
root     12425  0.0  0.0  93276  7592 ?        Ss   07:35   0:00 /usr/sbin/cupsd -l
root     12426  0.0  0.0 274812  9044 ?        Ssl  07:35   0:00 /usr/sbin/cups-browsed
root     12465  0.0  0.0      0     0 ?        S    07:35   0:00 [kworker/3:0]
root     12500  0.0  0.0      0     0 ?        S    07:35   0:01 [kworker/11:1]
root     12501  0.0  0.0      0     0 ?        S    07:35   0:00 [kworker/2:1]
root     16246  0.0  0.0      0     0 ?        S    08:42   0:00 [kworker/9:0]
root     16880  0.0  0.0      0     0 ?        S    Mar10   0:00 [kworker/10:0]
root     18003  0.0  0.0      0     0 ?        S    Mar10   0:00 [kworker/7:1]
root     21680  0.0  0.0      0     0 ?        S    10:20   0:00 [kworker/6:0]
root     23995  0.0  0.0      0     0 ?        S    Mar08   0:00 [kworker/2:2]
root     23996  0.0  0.0      0     0 ?        S    Mar08   0:00 [kworker/4:1]
root     26352  0.0  0.0      0     0 ?        S    01:12   0:00 [kworker/11:0]
root     26840  0.0  0.0      0     0 ?        S    Mar09   0:00 [kworker/1:1]
root     27914  0.0  0.0      0     0 ?        S    01:34   0:00 [kworker/5:0]
root     28265  0.0  0.0      0     0 ?        S    12:20   0:00 [kworker/3:2]
root     28267  0.0  0.0      0     0 ?        S    12:20   0:00 [kworker/9:2]
root     30067  0.0  0.0      0     0 ?        S    Mar09   0:00 [kworker/8:2]
root     31834  0.0  0.0      0     0 ?        S    Mar09   0:00 [kworker/0:2]
root     31966  0.0  0.0      0     0 ?        S    Mar09   0:00 [kworker/1:0]
root     32338  0.0  0.0      0     0 ?        S    Mar09   0:06 [kworker/0:0]
Sun Mar 11 16:10:17 EDT 2018
The following paths are ignored by one of your .gitignore files:
minibook/amazonIter/__pycache__/my_measures.cpython-36.pyc
Use -f if you really want to add them.
Pushing...
To ssh://git@github.com/wolfm2/jobout.git
   4d938e3..8a60d19  master -> master
